2024-06-29T15:13:34.599+0000 INFO Starting SareetaApplication on sambas-mbp.home with PID 46625 (/Users/badou/developpement/e-commerce/target/classes started by samba in /Users/badou/developpement/e-commerce)
2024-06-29T15:13:34.604+0000 INFO No active profile set, falling back to default profiles: default
2024-06-29T15:13:37.146+0000 INFO Started SareetaApplication in 2.724 seconds (JVM running for 9.124)
2024-06-29T15:13:49.989+0000 INFO Create user samba
2024-06-29T15:13:50.110+0000 ERROR Error - Either length is less than 7 or pass and conf pass do not match. Unable to create 
2024-06-29T15:14:02.111+0000 INFO Create user samba
2024-06-29T15:14:02.244+0000 INFO User created
2024-06-29T18:45:01.478+0000 INFO Starting SareetaApplication on sambas-mbp.home with PID 31648 (/Users/badou/developpement/e-commerce/target/classes started by samba in /Users/badou/developpement/e-commerce)
2024-06-29T18:45:01.480+0000 INFO No active profile set, falling back to default profiles: default
2024-06-29T18:45:03.232+0000 INFO Started SareetaApplication in 1.862 seconds (JVM running for 7.811)
2024-06-29T18:45:27.702+0000 INFO Starting SareetaApplication on sambas-mbp.home with PID 32107 (/Users/badou/developpement/e-commerce/target/classes started by samba in /Users/badou/developpement/e-commerce)
2024-06-29T18:45:27.705+0000 INFO No active profile set, falling back to default profiles: default
2024-06-29T18:45:29.407+0000 INFO Started SareetaApplication in 1.855 seconds (JVM running for 2.69)
2024-06-29T18:45:48.647+0000 INFO Create user samba
2024-06-29T18:45:48.775+0000 INFO User created
2024-06-29T18:59:00.080+0000 INFO Starting SareetaApplication on sambas-mbp.home with PID 43498 (/Users/badou/developpement/e-commerce/target/classes started by samba in /Users/badou/developpement/e-commerce)
2024-06-29T18:59:00.084+0000 INFO No active profile set, falling back to default profiles: default
2024-06-29T18:59:01.901+0000 INFO Started SareetaApplication in 2.001 seconds (JVM running for 4.709)
2024-06-29T19:00:03.479+0000 INFO Starting SareetaApplicationTests on sambas-mbp.home with PID 44423 (started by samba in /Users/badou/developpement/e-commerce)
2024-06-29T19:00:03.480+0000 INFO No active profile set, falling back to default profiles: default
2024-06-29T19:00:05.259+0000 INFO Started SareetaApplicationTests in 1.86 seconds (JVM running for 2.714)
2024-06-29T19:06:32.910+0000 INFO Starting SareetaApplication on sambas-mbp.home with PID 49741 (/Users/badou/developpement/e-commerce/target/classes started by samba in /Users/badou/developpement/e-commerce)
2024-06-29T19:06:32.914+0000 INFO No active profile set, falling back to default profiles: default
2024-06-29T19:06:34.619+0000 INFO Started SareetaApplication in 1.86 seconds (JVM running for 2.579)
2024-06-29T19:22:11.606+0000 INFO Starting SareetaApplication on sambas-mbp.home with PID 62562 (/Users/badou/developpement/e-commerce/target/classes started by samba in /Users/badou/developpement/e-commerce)
2024-06-29T19:22:11.610+0000 INFO No active profile set, falling back to default profiles: default
2024-06-29T19:22:13.548+0000 INFO Started SareetaApplication in 2.11 seconds (JVM running for 7.88)
